Determining if the pthread_create exist failed with the following output:
Change Dir: /home/raylei/catkin_ws/build/CMakeFiles/CMakeTmp

Run Build Command:"/usr/bin/make" "cmTC_d1ebd/fast"
/usr/bin/make -f CMakeFiles/cmTC_d1ebd.dir/build.make CMakeFiles/cmTC_d1ebd.dir/build
make[1]: Entering directory '/home/raylei/catkin_ws/build/CMakeFiles/CMakeTmp'
Building C object CMakeFiles/cmTC_d1ebd.dir/CheckSymbolExists.c.o
/usr/bin/cc    -o CMakeFiles/cmTC_d1ebd.dir/CheckSymbolExists.c.o   -c /home/raylei/catkin_ws/build/CMakeFiles/CMakeTmp/CheckSymbolExists.c
Linking C executable cmTC_d1ebd
/usr/bin/cmake -E cmake_link_script CMakeFiles/cmTC_d1ebd.dir/link.txt --verbose=1
/usr/bin/cc      -rdynamic CMakeFiles/cmTC_d1ebd.dir/CheckSymbolExists.c.o  -o cmTC_d1ebd 
CMakeFiles/cmTC_d1ebd.dir/CheckSymbolExists.c.o: In function `main':
CheckSymbolExists.c:(.text+0x1b): undefined reference to `pthread_create'
collect2: error: ld returned 1 exit status
CMakeFiles/cmTC_d1ebd.dir/build.make:97: recipe for target 'cmTC_d1ebd' failed
make[1]: *** [cmTC_d1ebd] Error 1
make[1]: Leaving directory '/home/raylei/catkin_ws/build/CMakeFiles/CMakeTmp'
Makefile:126: recipe for target 'cmTC_d1ebd/fast' failed
make: *** [cmTC_d1ebd/fast] Error 2

File /home/raylei/catkin_ws/build/CMakeFiles/CMakeTmp/CheckSymbolExists.c:
/* */
#include <pthread.h>

int main(int argc, char** argv)
{
  (void)argv;
#ifndef pthread_create
  return ((int*)(&pthread_create))[argc];
#else
  (void)argc;
  return 0;
#endif
}

Determining if the function pthread_create exists in the pthreads failed with the following output:
Change Dir: /home/raylei/catkin_ws/build/CMakeFiles/CMakeTmp

Run Build Command:"/usr/bin/make" "cmTC_6369a/fast"
/usr/bin/make -f CMakeFiles/cmTC_6369a.dir/build.make CMakeFiles/cmTC_6369a.dir/build
make[1]: Entering directory '/home/raylei/catkin_ws/build/CMakeFiles/CMakeTmp'
Building C object CMakeFiles/cmTC_6369a.dir/CheckFunctionExists.c.o
/usr/bin/cc   -DCHECK_FUNCTION_EXISTS=pthread_create   -o CMakeFiles/cmTC_6369a.dir/CheckFunctionExists.c.o   -c /usr/share/cmake-3.10/Modules/CheckFunctionExists.c
Linking C executable cmTC_6369a
/usr/bin/cmake -E cmake_link_script CMakeFiles/cmTC_6369a.dir/link.txt --verbose=1
/usr/bin/cc  -DCHECK_FUNCTION_EXISTS=pthread_create    -rdynamic CMakeFiles/cmTC_6369a.dir/CheckFunctionExists.c.o  -o cmTC_6369a -lpthreads 
/usr/bin/ld: cannot find -lpthreads
collect2: error: ld returned 1 exit status
CMakeFiles/cmTC_6369a.dir/build.make:97: recipe for target 'cmTC_6369a' failed
make[1]: *** [cmTC_6369a] Error 1
make[1]: Leaving directory '/home/raylei/catkin_ws/build/CMakeFiles/CMakeTmp'
Makefile:126: recipe for target 'cmTC_6369a/fast' failed
make: *** [cmTC_6369a/fast] Error 2


